<?xml version="1.0" encoding="UTF-8"?>
<testsuite name="com.cg.restassured.EmployeePayrollServiceTest" tests="1" skipped="0" failures="0" errors="0" timestamp="2020-11-07T02:50:35" hostname="DESKTOP-AURK5V2" time="1.359">
  <properties/>
  <testcase name="givenEmployeeToDelete_WhenDeleted_ShouldMatch200ResponseAndCount" classname="com.cg.restassured.EmployeePayrollServiceTest" time="1.359"/>
  <system-out><![CDATA[Employee payroll entries in json server
[
  {
    "id": 1,
    "name": "Jeff Bezos",
    "gender": "M",
    "salary": 100000,
    "startDate": {
      "year": 2020,
      "month": 11,
      "day": 1
    }
  },
  {
    "id": 2,
    "name": "Bill Gates",
    "gender": "M",
    "salary": 2000000,
    "startDate": {
      "year": 2020,
      "month": 11,
      "day": 1
    }
  },
  {
    "id": 3,
    "name": "Mark Zuckerberg",
    "gender": "M",
    "salary": 300000,
    "startDate": {
      "year": 2020,
      "month": 11,
      "day": 7
    }
  }
]
]]></system-out>
  <system-err><![CDATA[]]></system-err>
</testsuite>
